<?xml version="1.0" encoding="UTF-8"?>
<testsuite xmlns:xsi="http://www.w3.org/2001/XMLSchema-instance" xsi:noNamespaceSchemaLocation="https://maven.apache.org/surefire/maven-failsafe-plugin/xsd/failsafe-test-report.xsd" name="Parallel02IT" time="74.555" tests="20" errors="0" skipped="0" failures="0">
  <properties>
    <property name="gopherProxySet" value="false"/>
    <property name="awt.toolkit" value="sun.lwawt.macosx.LWCToolkit"/>
    <property name="java.specification.version" value="10"/>
    <property name="file.encoding.pkg" value="sun.io"/>
    <property name="sun.cpu.isalist" value=""/>
    <property name="sun.jnu.encoding" value="UTF-8"/>
    <property name="java.class.path" value="/Users/chris/dev/seleniumdocker/JavaCucumberFramework/target/test-classes:/Users/chris/dev/seleniumdocker/JavaCucumberFramework/target/googleuat-1.0-SNAPSHOT.jar:/Users/chris/.m2/repository/org/seleniumhq/selenium/selenium-java/3.9.1/selenium-java-3.9.1.jar:/Users/chris/.m2/repository/org/seleniumhq/selenium/selenium-api/3.9.1/selenium-api-3.9.1.jar:/Users/chris/.m2/repository/org/seleniumhq/selenium/selenium-chrome-driver/3.9.1/selenium-chrome-driver-3.9.1.jar:/Users/chris/.m2/repository/org/seleniumhq/selenium/selenium-edge-driver/3.9.1/selenium-edge-driver-3.9.1.jar:/Users/chris/.m2/repository/org/seleniumhq/selenium/selenium-firefox-driver/3.9.1/selenium-firefox-driver-3.9.1.jar:/Users/chris/.m2/repository/org/seleniumhq/selenium/selenium-ie-driver/3.9.1/selenium-ie-driver-3.9.1.jar:/Users/chris/.m2/repository/org/seleniumhq/selenium/selenium-opera-driver/3.9.1/selenium-opera-driver-3.9.1.jar:/Users/chris/.m2/repository/org/seleniumhq/selenium/selenium-remote-driver/3.9.1/selenium-remote-driver-3.9.1.jar:/Users/chris/.m2/repository/org/seleniumhq/selenium/selenium-safari-driver/3.9.1/selenium-safari-driver-3.9.1.jar:/Users/chris/.m2/repository/org/seleniumhq/selenium/selenium-support/3.9.1/selenium-support-3.9.1.jar:/Users/chris/.m2/repository/net/bytebuddy/byte-buddy/1.7.9/byte-buddy-1.7.9.jar:/Users/chris/.m2/repository/org/apache/commons/commons-exec/1.3/commons-exec-1.3.jar:/Users/chris/.m2/repository/commons-codec/commons-codec/1.10/commons-codec-1.10.jar:/Users/chris/.m2/repository/commons-logging/commons-logging/1.2/commons-logging-1.2.jar:/Users/chris/.m2/repository/com/google/code/gson/gson/2.8.2/gson-2.8.2.jar:/Users/chris/.m2/repository/com/google/guava/guava/23.6-jre/guava-23.6-jre.jar:/Users/chris/.m2/repository/com/google/code/findbugs/jsr305/1.3.9/jsr305-1.3.9.jar:/Users/chris/.m2/repository/org/checkerframework/checker-compat-qual/2.0.0/checker-compat-qual-2.0.0.jar:/Users/chris/.m2/repository/com/google/errorprone/error_prone_annotations/2.1.3/error_prone_annotations-2.1.3.jar:/Users/chris/.m2/repository/com/google/j2objc/j2objc-annotations/1.1/j2objc-annotations-1.1.jar:/Users/chris/.m2/repository/org/codehaus/mojo/animal-sniffer-annotations/1.14/animal-sniffer-annotations-1.14.jar:/Users/chris/.m2/repository/org/apache/httpcomponents/httpclient/4.5.3/httpclient-4.5.3.jar:/Users/chris/.m2/repository/org/apache/httpcomponents/httpcore/4.4.6/httpcore-4.4.6.jar:/Users/chris/.m2/repository/com/squareup/okhttp3/okhttp/3.9.1/okhttp-3.9.1.jar:/Users/chris/.m2/repository/com/squareup/okio/okio/1.13.0/okio-1.13.0.jar:/Users/chris/.m2/repository/junit/junit/4.12/junit-4.12.jar:/Users/chris/.m2/repository/org/hamcrest/hamcrest-core/1.3/hamcrest-core-1.3.jar:/Users/chris/.m2/repository/info/cukes/cucumber-java/1.2.5/cucumber-java-1.2.5.jar:/Users/chris/.m2/repository/info/cukes/cucumber-core/1.2.5/cucumber-core-1.2.5.jar:/Users/chris/.m2/repository/info/cukes/cucumber-html/0.2.3/cucumber-html-0.2.3.jar:/Users/chris/.m2/repository/info/cukes/cucumber-jvm-deps/1.0.5/cucumber-jvm-deps-1.0.5.jar:/Users/chris/.m2/repository/info/cukes/gherkin/2.12.2/gherkin-2.12.2.jar:/Users/chris/.m2/repository/info/cukes/cucumber-junit/1.2.5/cucumber-junit-1.2.5.jar:/Users/chris/.m2/repository/org/json/json/20180130/json-20180130.jar:/Users/chris/.m2/repository/org/seleniumhq/selenium/selenium-server/3.11.0/selenium-server-3.11.0.jar:/Users/chris/.m2/repository/com/beust/jcommander/1.72/jcommander-1.72.jar:/Users/chris/.m2/repository/org/apache/commons/commons-lang3/3.7/commons-lang3-3.7.jar:/Users/chris/.m2/repository/org/apache/commons/commons-text/1.1/commons-text-1.1.jar:/Users/chris/.m2/repository/commons-io/commons-io/2.6/commons-io-2.6.jar:/Users/chris/.m2/repository/commons-net/commons-net/3.6/commons-net-3.6.jar:/Users/chris/.m2/repository/org/w3c/css/sac/1.3/sac-1.3.jar:/Users/chris/.m2/repository/net/sourceforge/cssparser/cssparser/0.9.24/cssparser-0.9.24.jar:/Users/chris/.m2/repository/net/sourceforge/htmlunit/htmlunit/2.29/htmlunit-2.29.jar:/Users/chris/.m2/repository/net/sourceforge/htmlunit/htmlunit-core-js/2.28/htmlunit-core-js-2.28.jar:/Users/chris/.m2/repository/net/sourceforge/htmlunit/neko-htmlunit/2.28/neko-htmlunit-2.28.jar:/Users/chris/.m2/repository/org/apache/httpcomponents/httpmime/4.5.3/httpmime-4.5.3.jar:/Users/chris/.m2/repository/net/jcip/jcip-annotations/1.0/jcip-annotations-1.0.jar:/Users/chris/.m2/repository/org/seleniumhq/selenium/jetty-repacked/9.4.7.v20171121/jetty-repacked-9.4.7.v20171121.jar:/Users/chris/.m2/repository/org/eclipse/jetty/jetty-client/9.4.7.v20170914/jetty-client-9.4.7.v20170914.jar:/Users/chris/.m2/repository/org/eclipse/jetty/jetty-http/9.4.8.v20171121/jetty-http-9.4.8.v20171121.jar:/Users/chris/.m2/repository/org/eclipse/jetty/jetty-io/9.4.8.v20171121/jetty-io-9.4.8.v20171121.jar:/Users/chris/.m2/repository/org/eclipse/jetty/jetty-util/9.4.8.v20171121/jetty-util-9.4.8.v20171121.jar:/Users/chris/.m2/repository/org/eclipse/jetty/jetty-xml/9.4.7.v20170914/jetty-xml-9.4.7.v20170914.jar:/Users/chris/.m2/repository/org/seleniumhq/selenium/htmlunit-driver/2.29.0/htmlunit-driver-2.29.0.jar:/Users/chris/.m2/repository/javax/servlet/javax.servlet-api/3.1.0/javax.servlet-api-3.1.0.jar:/Users/chris/.m2/repository/org/eclipse/jetty/websocket/websocket-api/9.4.7.v20170914/websocket-api-9.4.7.v20170914.jar:/Users/chris/.m2/repository/org/eclipse/jetty/websocket/websocket-client/9.4.7.v20170914/websocket-client-9.4.7.v20170914.jar:/Users/chris/.m2/repository/org/eclipse/jetty/websocket/websocket-common/9.4.7.v20170914/websocket-common-9.4.7.v20170914.jar:/Users/chris/.m2/repository/xalan/serializer/2.7.2/serializer-2.7.2.jar:/Users/chris/.m2/repository/xalan/xalan/2.7.2/xalan-2.7.2.jar:/Users/chris/.m2/repository/xerces/xercesImpl/2.11.0/xercesImpl-2.11.0.jar:/Users/chris/.m2/repository/xml-apis/xml-apis/1.4.01/xml-apis-1.4.01.jar:/Users/chris/.m2/repository/org/yaml/snakeyaml/1.19/snakeyaml-1.19.jar:/Users/chris/.m2/repository/org/seleniumhq/selenium/selenium-server-standalone/2.53.0/selenium-server-standalone-2.53.0.jar:"/>
    <property name="java.vm.vendor" value="&quot;Oracle Corporation&quot;"/>
    <property name="sun.arch.data.model" value="64"/>
    <property name="java.vendor.url" value="http://java.oracle.com/"/>
    <property name="user.timezone" value=""/>
    <property name="java.vm.specification.version" value="10"/>
    <property name="os.name" value="Mac OS X"/>
    <property name="sun.java.launcher" value="SUN_STANDARD"/>
    <property name="user.country" value="GB"/>
    <property name="sun.boot.library.path" value="/Library/Java/JavaVirtualMachines/jdk-10.jdk/Contents/Home/lib"/>
    <property name="sun.java.command" value="/Users/chris/dev/seleniumdocker/JavaCucumberFramework/target/surefire/surefirebooter11296407702338025257.jar /Users/chris/dev/seleniumdocker/JavaCucumberFramework/target/surefire 2018-04-26T17-22-39_434-jvmRun1 surefire6251337754510839067tmp surefire_213904445856601235058tmp"/>
    <property name="http.nonProxyHosts" value="local|*.local|169.254/16|*.169.254/16"/>
    <property name="jdk.debug" value="release"/>
    <property name="test" value="SomePatternThatDontMatchAnything"/>
    <property name="surefire.test.class.path" value="/Users/chris/dev/seleniumdocker/JavaCucumberFramework/target/test-classes:/Users/chris/dev/seleniumdocker/JavaCucumberFramework/target/googleuat-1.0-SNAPSHOT.jar:/Users/chris/.m2/repository/org/seleniumhq/selenium/selenium-java/3.9.1/selenium-java-3.9.1.jar:/Users/chris/.m2/repository/org/seleniumhq/selenium/selenium-api/3.9.1/selenium-api-3.9.1.jar:/Users/chris/.m2/repository/org/seleniumhq/selenium/selenium-chrome-driver/3.9.1/selenium-chrome-driver-3.9.1.jar:/Users/chris/.m2/repository/org/seleniumhq/selenium/selenium-edge-driver/3.9.1/selenium-edge-driver-3.9.1.jar:/Users/chris/.m2/repository/org/seleniumhq/selenium/selenium-firefox-driver/3.9.1/selenium-firefox-driver-3.9.1.jar:/Users/chris/.m2/repository/org/seleniumhq/selenium/selenium-ie-driver/3.9.1/selenium-ie-driver-3.9.1.jar:/Users/chris/.m2/repository/org/seleniumhq/selenium/selenium-opera-driver/3.9.1/selenium-opera-driver-3.9.1.jar:/Users/chris/.m2/repository/org/seleniumhq/selenium/selenium-remote-driver/3.9.1/selenium-remote-driver-3.9.1.jar:/Users/chris/.m2/repository/org/seleniumhq/selenium/selenium-safari-driver/3.9.1/selenium-safari-driver-3.9.1.jar:/Users/chris/.m2/repository/org/seleniumhq/selenium/selenium-support/3.9.1/selenium-support-3.9.1.jar:/Users/chris/.m2/repository/net/bytebuddy/byte-buddy/1.7.9/byte-buddy-1.7.9.jar:/Users/chris/.m2/repository/org/apache/commons/commons-exec/1.3/commons-exec-1.3.jar:/Users/chris/.m2/repository/commons-codec/commons-codec/1.10/commons-codec-1.10.jar:/Users/chris/.m2/repository/commons-logging/commons-logging/1.2/commons-logging-1.2.jar:/Users/chris/.m2/repository/com/google/code/gson/gson/2.8.2/gson-2.8.2.jar:/Users/chris/.m2/repository/com/google/guava/guava/23.6-jre/guava-23.6-jre.jar:/Users/chris/.m2/repository/com/google/code/findbugs/jsr305/1.3.9/jsr305-1.3.9.jar:/Users/chris/.m2/repository/org/checkerframework/checker-compat-qual/2.0.0/checker-compat-qual-2.0.0.jar:/Users/chris/.m2/repository/com/google/errorprone/error_prone_annotations/2.1.3/error_prone_annotations-2.1.3.jar:/Users/chris/.m2/repository/com/google/j2objc/j2objc-annotations/1.1/j2objc-annotations-1.1.jar:/Users/chris/.m2/repository/org/codehaus/mojo/animal-sniffer-annotations/1.14/animal-sniffer-annotations-1.14.jar:/Users/chris/.m2/repository/org/apache/httpcomponents/httpclient/4.5.3/httpclient-4.5.3.jar:/Users/chris/.m2/repository/org/apache/httpcomponents/httpcore/4.4.6/httpcore-4.4.6.jar:/Users/chris/.m2/repository/com/squareup/okhttp3/okhttp/3.9.1/okhttp-3.9.1.jar:/Users/chris/.m2/repository/com/squareup/okio/okio/1.13.0/okio-1.13.0.jar:/Users/chris/.m2/repository/junit/junit/4.12/junit-4.12.jar:/Users/chris/.m2/repository/org/hamcrest/hamcrest-core/1.3/hamcrest-core-1.3.jar:/Users/chris/.m2/repository/info/cukes/cucumber-java/1.2.5/cucumber-java-1.2.5.jar:/Users/chris/.m2/repository/info/cukes/cucumber-core/1.2.5/cucumber-core-1.2.5.jar:/Users/chris/.m2/repository/info/cukes/cucumber-html/0.2.3/cucumber-html-0.2.3.jar:/Users/chris/.m2/repository/info/cukes/cucumber-jvm-deps/1.0.5/cucumber-jvm-deps-1.0.5.jar:/Users/chris/.m2/repository/info/cukes/gherkin/2.12.2/gherkin-2.12.2.jar:/Users/chris/.m2/repository/info/cukes/cucumber-junit/1.2.5/cucumber-junit-1.2.5.jar:/Users/chris/.m2/repository/org/json/json/20180130/json-20180130.jar:/Users/chris/.m2/repository/org/seleniumhq/selenium/selenium-server/3.11.0/selenium-server-3.11.0.jar:/Users/chris/.m2/repository/com/beust/jcommander/1.72/jcommander-1.72.jar:/Users/chris/.m2/repository/org/apache/commons/commons-lang3/3.7/commons-lang3-3.7.jar:/Users/chris/.m2/repository/org/apache/commons/commons-text/1.1/commons-text-1.1.jar:/Users/chris/.m2/repository/commons-io/commons-io/2.6/commons-io-2.6.jar:/Users/chris/.m2/repository/commons-net/commons-net/3.6/commons-net-3.6.jar:/Users/chris/.m2/repository/org/w3c/css/sac/1.3/sac-1.3.jar:/Users/chris/.m2/repository/net/sourceforge/cssparser/cssparser/0.9.24/cssparser-0.9.24.jar:/Users/chris/.m2/repository/net/sourceforge/htmlunit/htmlunit/2.29/htmlunit-2.29.jar:/Users/chris/.m2/repository/net/sourceforge/htmlunit/htmlunit-core-js/2.28/htmlunit-core-js-2.28.jar:/Users/chris/.m2/repository/net/sourceforge/htmlunit/neko-htmlunit/2.28/neko-htmlunit-2.28.jar:/Users/chris/.m2/repository/org/apache/httpcomponents/httpmime/4.5.3/httpmime-4.5.3.jar:/Users/chris/.m2/repository/net/jcip/jcip-annotations/1.0/jcip-annotations-1.0.jar:/Users/chris/.m2/repository/org/seleniumhq/selenium/jetty-repacked/9.4.7.v20171121/jetty-repacked-9.4.7.v20171121.jar:/Users/chris/.m2/repository/org/eclipse/jetty/jetty-client/9.4.7.v20170914/jetty-client-9.4.7.v20170914.jar:/Users/chris/.m2/repository/org/eclipse/jetty/jetty-http/9.4.8.v20171121/jetty-http-9.4.8.v20171121.jar:/Users/chris/.m2/repository/org/eclipse/jetty/jetty-io/9.4.8.v20171121/jetty-io-9.4.8.v20171121.jar:/Users/chris/.m2/repository/org/eclipse/jetty/jetty-util/9.4.8.v20171121/jetty-util-9.4.8.v20171121.jar:/Users/chris/.m2/repository/org/eclipse/jetty/jetty-xml/9.4.7.v20170914/jetty-xml-9.4.7.v20170914.jar:/Users/chris/.m2/repository/org/seleniumhq/selenium/htmlunit-driver/2.29.0/htmlunit-driver-2.29.0.jar:/Users/chris/.m2/repository/javax/servlet/javax.servlet-api/3.1.0/javax.servlet-api-3.1.0.jar:/Users/chris/.m2/repository/org/eclipse/jetty/websocket/websocket-api/9.4.7.v20170914/websocket-api-9.4.7.v20170914.jar:/Users/chris/.m2/repository/org/eclipse/jetty/websocket/websocket-client/9.4.7.v20170914/websocket-client-9.4.7.v20170914.jar:/Users/chris/.m2/repository/org/eclipse/jetty/websocket/websocket-common/9.4.7.v20170914/websocket-common-9.4.7.v20170914.jar:/Users/chris/.m2/repository/xalan/serializer/2.7.2/serializer-2.7.2.jar:/Users/chris/.m2/repository/xalan/xalan/2.7.2/xalan-2.7.2.jar:/Users/chris/.m2/repository/xerces/xercesImpl/2.11.0/xercesImpl-2.11.0.jar:/Users/chris/.m2/repository/xml-apis/xml-apis/1.4.01/xml-apis-1.4.01.jar:/Users/chris/.m2/repository/org/yaml/snakeyaml/1.19/snakeyaml-1.19.jar:/Users/chris/.m2/repository/org/seleniumhq/selenium/selenium-server-standalone/2.53.0/selenium-server-standalone-2.53.0.jar:"/>
    <property name="sun.cpu.endian" value="little"/>
    <property name="user.home" value="/Users/chris"/>
    <property name="user.language" value="en"/>
    <property name="java.specification.vendor" value="Oracle Corporation"/>
    <property name="java.version.date" value="2018-03-20"/>
    <property name="java.home" value="/Library/Java/JavaVirtualMachines/jdk-10.jdk/Contents/Home"/>
    <property name="file.separator" value="/"/>
    <property name="basedir" value="/Users/chris/dev/seleniumdocker/JavaCucumberFramework"/>
    <property name="java.vm.compressedOopsMode" value="Zero based"/>
    <property name="line.separator" value="&#10;"/>
    <property name="java.specification.name" value="Java Platform API Specification"/>
    <property name="java.vm.specification.vendor" value="Oracle Corporation"/>
    <property name="java.awt.graphicsenv" value="sun.awt.CGraphicsEnvironment"/>
    <property name="surefire.real.class.path" value="/Users/chris/dev/seleniumdocker/JavaCucumberFramework/target/surefire/surefirebooter11296407702338025257.jar"/>
    <property name="sun.management.compiler" value="HotSpot 64-Bit Tiered Compilers"/>
    <property name="ftp.nonProxyHosts" value="local|*.local|169.254/16|*.169.254/16"/>
    <property name="java.runtime.version" value="10+46"/>
    <property name="user.name" value="chris"/>
    <property name="path.separator" value=":"/>
    <property name="os.version" value="10.13.4"/>
    <property name="java.runtime.name" value="Java(TM) SE Runtime Environment"/>
    <property name="file.encoding" value="UTF-8"/>
    <property name="java.vm.name" value="Java HotSpot(TM) 64-Bit Server VM"/>
    <property name="java.vendor.version" value="18.3"/>
    <property name="localRepository" value="/Users/chris/.m2/repository"/>
    <property name="java.vendor.url.bug" value="http://bugreport.java.com/bugreport/"/>
    <property name="java.io.tmpdir" value="/var/folders/kh/hsvk2std781937jgrz7lfbw00000gp/T/"/>
    <property name="java.version" value="10"/>
    <property name="user.dir" value="/Users/chris/dev/seleniumdocker/JavaCucumberFramework"/>
    <property name="os.arch" value="x86_64"/>
    <property name="java.vm.specification.name" value="Java Virtual Machine Specification"/>
    <property name="java.awt.printerjob" value="sun.lwawt.macosx.CPrinterJob"/>
    <property name="failIfNoTests" value="false"/>
    <property name="sun.os.patch.level" value="unknown"/>
    <property name="java.library.path" value="/Users/chris/Library/Java/Extensions:/Library/Java/Extensions:/Network/Library/Java/Extensions:/System/Library/Java/Extensions:/usr/lib/java:."/>
    <property name="java.vendor" value="Oracle Corporation"/>
    <property name="java.vm.info" value="mixed mode"/>
    <property name="java.vm.version" value="10+46"/>
    <property name="sun.io.unicode.encoding" value="UnicodeBig"/>
    <property name="java.class.version" value="54.0"/>
    <property name="socksNonProxyHosts" value="local|*.local|169.254/16|*.169.254/16"/>
  </properties>
  <testcase name="Given I am on the home page" classname="Scenario: home" time="0"/>
  <testcase name="Given I am on the home page" classname="Scenario: home" time="0"/>
  <testcase name="Given I am on the home page" classname="Scenario: home" time="0"/>
  <testcase name="Given I am on the home page" classname="Scenario: home" time="0"/>
  <testcase name="When I enter the search term &quot;Amazon&quot; into the search bar" classname="Scenario: home" time="0"/>
  <testcase name="When I enter the search term &quot;Amazon&quot; into the search bar" classname="Scenario: home" time="0"/>
  <testcase name="When I enter the search term &quot;Amazon&quot; into the search bar" classname="Scenario: home" time="0"/>
  <testcase name="When I enter the search term &quot;Amazon&quot; into the search bar" classname="Scenario: home" time="0"/>
  <testcase name="Then I can see the search results for &quot;Amazon&quot; in the search results page" classname="Scenario: home" time="0"/>
  <testcase name="Then I can see the search results for &quot;Amazon&quot; in the search results page" classname="Scenario: home" time="0"/>
  <testcase name="Then I can see the search results for &quot;Amazon&quot; in the search results page" classname="Scenario: home" time="0"/>
  <testcase name="Then I can see the search results for &quot;Amazon&quot; in the search results page" classname="Scenario: home" time="0"/>
  <testcase name="And I can see the following tabs:" classname="Scenario: home" time="0"/>
  <testcase name="And I can see the following tabs:" classname="Scenario: home" time="0"/>
  <testcase name="And I can see the following tabs:" classname="Scenario: home" time="0"/>
  <testcase name="And I can see the following tabs:" classname="Scenario: home" time="0"/>
  <testcase name="Scenario: home" classname="Scenario: home" time="0.141"/>
  <testcase name="Scenario: home" classname="Scenario: home" time="0.137"/>
  <testcase name="Scenario: home" classname="Scenario: home" time="0.094"/>
  <testcase name="Scenario: home" classname="Scenario: home" time="0.08"/>
</testsuite>